Determining if the pthread_create exist failed with the following output:
Change Dir: /home/demon/CLionProjects/Radar/cmake-build-debug/CMakeFiles/CMakeTmp

Run Build Command(s):/usr/bin/make cmTC_39d4a/fast 
/usr/bin/make -f CMakeFiles/cmTC_39d4a.dir/build.make CMakeFiles/cmTC_39d4a.dir/build
make[1]: Entering directory '/home/demon/CLionProjects/Radar/cmake-build-debug/CMakeFiles/CMakeTmp'
Building C object CMakeFiles/cmTC_39d4a.dir/CheckSymbolExists.c.o
/usr/bin/cc   -fPIC    -o CMakeFiles/cmTC_39d4a.dir/CheckSymbolExists.c.o   -c /home/demon/CLionProjects/Radar/cmake-build-debug/CMakeFiles/CMakeTmp/CheckSymbolExists.c
Linking C executable cmTC_39d4a
/opt/clion-2019.2.1/bin/cmake/linux/bin/cmake -E cmake_link_script CMakeFiles/cmTC_39d4a.dir/link.txt --verbose=1
/usr/bin/cc -fPIC     CMakeFiles/cmTC_39d4a.dir/CheckSymbolExists.c.o  -o cmTC_39d4a 
CMakeFiles/cmTC_39d4a.dir/CheckSymbolExists.c.o：在函数‘main’中：
CheckSymbolExists.c:(.text+0x1b)：对‘pthread_create’未定义的引用
collect2: error: ld returned 1 exit status
CMakeFiles/cmTC_39d4a.dir/build.make:86: recipe for target 'cmTC_39d4a' failed
make[1]: *** [cmTC_39d4a] Error 1
make[1]: Leaving directory '/home/demon/CLionProjects/Radar/cmake-build-debug/CMakeFiles/CMakeTmp'
Makefile:121: recipe for target 'cmTC_39d4a/fast' failed
make: *** [cmTC_39d4a/fast] Error 2

File /home/demon/CLionProjects/Radar/cmake-build-debug/CMakeFiles/CMakeTmp/CheckSymbolExists.c:
/* */
#include <pthread.h>

int main(int argc, char** argv)
{
  (void)argv;
#ifndef pthread_create
  return ((int*)(&pthread_create))[argc];
#else
  (void)argc;
  return 0;
#endif
}

Determining if the function pthread_create exists in the pthreads failed with the following output:
Change Dir: /home/demon/CLionProjects/Radar/cmake-build-debug/CMakeFiles/CMakeTmp

Run Build Command(s):/usr/bin/make cmTC_ce8ff/fast 
/usr/bin/make -f CMakeFiles/cmTC_ce8ff.dir/build.make CMakeFiles/cmTC_ce8ff.dir/build
make[1]: Entering directory '/home/demon/CLionProjects/Radar/cmake-build-debug/CMakeFiles/CMakeTmp'
Building C object CMakeFiles/cmTC_ce8ff.dir/CheckFunctionExists.c.o
/usr/bin/cc   -fPIC -DCHECK_FUNCTION_EXISTS=pthread_create   -o CMakeFiles/cmTC_ce8ff.dir/CheckFunctionExists.c.o   -c /opt/clion-2019.2.1/bin/cmake/linux/share/cmake-3.14/Modules/CheckFunctionExists.c
Linking C executable cmTC_ce8ff
/opt/clion-2019.2.1/bin/cmake/linux/bin/cmake -E cmake_link_script CMakeFiles/cmTC_ce8ff.dir/link.txt --verbose=1
/usr/bin/cc -fPIC -DCHECK_FUNCTION_EXISTS=pthread_create    CMakeFiles/cmTC_ce8ff.dir/CheckFunctionExists.c.o  -o cmTC_ce8ff -lpthreads 
/usr/bin/ld: 找不到 -lpthreads
collect2: error: ld returned 1 exit status
CMakeFiles/cmTC_ce8ff.dir/build.make:86: recipe for target 'cmTC_ce8ff' failed
make[1]: *** [cmTC_ce8ff] Error 1
make[1]: Leaving directory '/home/demon/CLionProjects/Radar/cmake-build-debug/CMakeFiles/CMakeTmp'
Makefile:121: recipe for target 'cmTC_ce8ff/fast' failed
make: *** [cmTC_ce8ff/fast] Error 2


